  Proiect_Vapor.c
d:\facultate\anul ii\semestrul ii\grafica\proiect de prezentat\vapor v3.0\vapor v3.0\proiect_vapor.c(378): warning C4305: 'initializing': truncation from 'double' to 'GLfloat'
d:\facultate\anul ii\semestrul ii\grafica\proiect de prezentat\vapor v3.0\vapor v3.0\proiect_vapor.c(380): warning C4305: 'initializing': truncation from 'double' to 'GLfloat'
d:\facultate\anul ii\semestrul ii\grafica\proiect de prezentat\vapor v3.0\vapor v3.0\proiect_vapor.c(382): warning C4305: 'initializing': truncation from 'double' to 'GLfloat'
d:\facultate\anul ii\semestrul ii\grafica\proiect de prezentat\vapor v3.0\vapor v3.0\proiect_vapor.c(384): warning C4305: 'initializing': truncation from 'double' to 'GLfloat'
d:\facultate\anul ii\semestrul ii\grafica\proiect de prezentat\vapor v3.0\vapor v3.0\proiect_vapor.c(389): warning C4305: 'initializing': truncation from 'double' to 'GLfloat'
d:\facultate\anul ii\semestrul ii\grafica\proiect de prezentat\vapor v3.0\vapor v3.0\proiect_vapor.c(391): warning C4305: 'initializing': truncation from 'double' to 'GLfloat'
d:\facultate\anul ii\semestrul ii\grafica\proiect de prezentat\vapor v3.0\vapor v3.0\proiect_vapor.c(393): warning C4305: 'initializing': truncation from 'double' to 'GLfloat'
d:\facultate\anul ii\semestrul ii\grafica\proiect de prezentat\vapor v3.0\vapor v3.0\proiect_vapor.c(395): warning C4305: 'initializing': truncation from 'double' to 'GLfloat'
d:\facultate\anul ii\semestrul ii\grafica\proiect de prezentat\vapor v3.0\vapor v3.0\proiect_vapor.c(400): warning C4305: 'initializing': truncation from 'double' to 'GLfloat'
d:\facultate\anul ii\semestrul ii\grafica\proiect de prezentat\vapor v3.0\vapor v3.0\proiect_vapor.c(402): warning C4305: 'initializing': truncation from 'double' to 'GLfloat'
d:\facultate\anul ii\semestrul ii\grafica\proiect de prezentat\vapor v3.0\vapor v3.0\proiect_vapor.c(404): warning C4305: 'initializing': truncation from 'double' to 'GLfloat'
d:\facultate\anul ii\semestrul ii\grafica\proiect de prezentat\vapor v3.0\vapor v3.0\proiect_vapor.c(406): warning C4305: 'initializing': truncation from 'double' to 'GLfloat'
d:\facultate\anul ii\semestrul ii\grafica\proiect de prezentat\vapor v3.0\vapor v3.0\proiect_vapor.c(411): warning C4305: 'initializing': truncation from 'double' to 'GLfloat'
d:\facultate\anul ii\semestrul ii\grafica\proiect de prezentat\vapor v3.0\vapor v3.0\proiect_vapor.c(413): warning C4305: 'initializing': truncation from 'double' to 'GLfloat'
d:\facultate\anul ii\semestrul ii\grafica\proiect de prezentat\vapor v3.0\vapor v3.0\proiect_vapor.c(415): warning C4305: 'initializing': truncation from 'double' to 'GLfloat'
d:\facultate\anul ii\semestrul ii\grafica\proiect de prezentat\vapor v3.0\vapor v3.0\proiect_vapor.c(417): warning C4305: 'initializing': truncation from 'double' to 'GLfloat'
d:\facultate\anul ii\semestrul ii\grafica\proiect de prezentat\vapor v3.0\vapor v3.0\proiect_vapor.c(422): warning C4305: 'initializing': truncation from 'double' to 'GLfloat'
d:\facultate\anul ii\semestrul ii\grafica\proiect de prezentat\vapor v3.0\vapor v3.0\proiect_vapor.c(424): warning C4305: 'initializing': truncation from 'double' to 'GLfloat'
d:\facultate\anul ii\semestrul ii\grafica\proiect de prezentat\vapor v3.0\vapor v3.0\proiect_vapor.c(426): warning C4305: 'initializing': truncation from 'double' to 'GLfloat'
d:\facultate\anul ii\semestrul ii\grafica\proiect de prezentat\vapor v3.0\vapor v3.0\proiect_vapor.c(428): warning C4305: 'initializing': truncation from 'double' to 'GLfloat'
d:\facultate\anul ii\semestrul ii\grafica\proiect de prezentat\vapor v3.0\vapor v3.0\proiect_vapor.c(432): warning C4305: 'initializing': truncation from 'double' to 'GLfloat'
d:\facultate\anul ii\semestrul ii\grafica\proiect de prezentat\vapor v3.0\vapor v3.0\proiect_vapor.c(434): warning C4305: 'initializing': truncation from 'double' to 'GLfloat'
d:\facultate\anul ii\semestrul ii\grafica\proiect de prezentat\vapor v3.0\vapor v3.0\proiect_vapor.c(436): warning C4305: 'initializing': truncation from 'double' to 'GLfloat'
d:\facultate\anul ii\semestrul ii\grafica\proiect de prezentat\vapor v3.0\vapor v3.0\proiect_vapor.c(438): warning C4305: 'initializing': truncation from 'double' to 'GLfloat'
d:\facultate\anul ii\semestrul ii\grafica\proiect de prezentat\vapor v3.0\vapor v3.0\proiect_vapor.c(442): warning C4305: 'initializing': truncation from 'double' to 'GLfloat'
d:\facultate\anul ii\semestrul ii\grafica\proiect de prezentat\vapor v3.0\vapor v3.0\proiect_vapor.c(444): warning C4305: 'initializing': truncation from 'double' to 'GLfloat'
d:\facultate\anul ii\semestrul ii\grafica\proiect de prezentat\vapor v3.0\vapor v3.0\proiect_vapor.c(446): warning C4305: 'initializing': truncation from 'double' to 'GLfloat'
d:\facultate\anul ii\semestrul ii\grafica\proiect de prezentat\vapor v3.0\vapor v3.0\proiect_vapor.c(448): warning C4305: 'initializing': truncation from 'double' to 'GLfloat'
d:\facultate\anul ii\semestrul ii\grafica\proiect de prezentat\vapor v3.0\vapor v3.0\proiect_vapor.c(452): warning C4305: 'initializing': truncation from 'double' to 'GLfloat'
d:\facultate\anul ii\semestrul ii\grafica\proiect de prezentat\vapor v3.0\vapor v3.0\proiect_vapor.c(454): warning C4305: 'initializing': truncation from 'double' to 'GLfloat'
d:\facultate\anul ii\semestrul ii\grafica\proiect de prezentat\vapor v3.0\vapor v3.0\proiect_vapor.c(456): warning C4305: 'initializing': truncation from 'double' to 'GLfloat'
d:\facultate\anul ii\semestrul ii\grafica\proiect de prezentat\vapor v3.0\vapor v3.0\proiect_vapor.c(458): warning C4305: 'initializing': truncation from 'double' to 'GLfloat'
d:\facultate\anul ii\semestrul ii\grafica\proiect de prezentat\vapor v3.0\vapor v3.0\proiect_vapor.c(464): warning C4305: 'function': truncation from 'double' to 'GLfloat'
d:\facultate\anul ii\semestrul ii\grafica\proiect de prezentat\vapor v3.0\vapor v3.0\proiect_vapor.c(563): warning C4305: 'function': truncation from 'double' to 'GLfloat'
d:\facultate\anul ii\semestrul ii\grafica\proiect de prezentat\vapor v3.0\vapor v3.0\proiect_vapor.c(573): warning C4305: 'function': truncation from 'double' to 'GLfloat'
d:\facultate\anul ii\semestrul ii\grafica\proiect de prezentat\vapor v3.0\vapor v3.0\proiect_vapor.c(580): warning C4305: 'function': truncation from 'double' to 'GLfloat'
d:\facultate\anul ii\semestrul ii\grafica\proiect de prezentat\vapor v3.0\vapor v3.0\proiect_vapor.c(588): warning C4305: 'function': truncation from 'double' to 'GLfloat'
d:\facultate\anul ii\semestrul ii\grafica\proiect de prezentat\vapor v3.0\vapor v3.0\proiect_vapor.c(592): warning C4305: 'function': truncation from 'double' to 'GLfloat'
d:\facultate\anul ii\semestrul ii\grafica\proiect de prezentat\vapor v3.0\vapor v3.0\proiect_vapor.c(598): warning C4305: 'function': truncation from 'double' to 'GLfloat'
d:\facultate\anul ii\semestrul ii\grafica\proiect de prezentat\vapor v3.0\vapor v3.0\proiect_vapor.c(602): warning C4305: 'function': truncation from 'double' to 'GLfloat'
d:\facultate\anul ii\semestrul ii\grafica\proiect de prezentat\vapor v3.0\vapor v3.0\proiect_vapor.c(608): warning C4305: 'function': truncation from 'double' to 'GLfloat'
d:\facultate\anul ii\semestrul ii\grafica\proiect de prezentat\vapor v3.0\vapor v3.0\proiect_vapor.c(612): warning C4305: 'function': truncation from 'double' to 'GLfloat'
d:\facultate\anul ii\semestrul ii\grafica\proiect de prezentat\vapor v3.0\vapor v3.0\proiect_vapor.c(620): warning C4305: 'function': truncation from 'double' to 'GLfloat'
d:\facultate\anul ii\semestrul ii\grafica\proiect de prezentat\vapor v3.0\vapor v3.0\proiect_vapor.c(624): warning C4305: 'function': truncation from 'double' to 'GLfloat'
d:\facultate\anul ii\semestrul ii\grafica\proiect de prezentat\vapor v3.0\vapor v3.0\proiect_vapor.c(630): warning C4305: 'function': truncation from 'double' to 'GLfloat'
d:\facultate\anul ii\semestrul ii\grafica\proiect de prezentat\vapor v3.0\vapor v3.0\proiect_vapor.c(634): warning C4305: 'function': truncation from 'double' to 'GLfloat'
d:\facultate\anul ii\semestrul ii\grafica\proiect de prezentat\vapor v3.0\vapor v3.0\proiect_vapor.c(640): warning C4305: 'function': truncation from 'double' to 'GLfloat'
d:\facultate\anul ii\semestrul ii\grafica\proiect de prezentat\vapor v3.0\vapor v3.0\proiect_vapor.c(644): warning C4305: 'function': truncation from 'double' to 'GLfloat'
d:\facultate\anul ii\semestrul ii\grafica\proiect de prezentat\vapor v3.0\vapor v3.0\proiect_vapor.c(652): warning C4305: 'function': truncation from 'double' to 'GLfloat'
d:\facultate\anul ii\semestrul ii\grafica\proiect de prezentat\vapor v3.0\vapor v3.0\proiect_vapor.c(654): warning C4305: 'function': truncation from 'double' to 'GLfloat'
d:\facultate\anul ii\semestrul ii\grafica\proiect de prezentat\vapor v3.0\vapor v3.0\proiect_vapor.c(664): warning C4305: 'function': truncation from 'double' to 'GLfloat'
d:\facultate\anul ii\semestrul ii\grafica\proiect de prezentat\vapor v3.0\vapor v3.0\proiect_vapor.c(674): warning C4305: 'function': truncation from 'double' to 'GLfloat'
d:\facultate\anul ii\semestrul ii\grafica\proiect de prezentat\vapor v3.0\vapor v3.0\proiect_vapor.c(686): warning C4305: 'function': truncation from 'double' to 'GLfloat'
d:\facultate\anul ii\semestrul ii\grafica\proiect de prezentat\vapor v3.0\vapor v3.0\proiect_vapor.c(691): warning C4305: 'function': truncation from 'double' to 'GLfloat'
d:\facultate\anul ii\semestrul ii\grafica\proiect de prezentat\vapor v3.0\vapor v3.0\proiect_vapor.c(700): warning C4305: 'function': truncation from 'double' to 'GLfloat'
d:\facultate\anul ii\semestrul ii\grafica\proiect de prezentat\vapor v3.0\vapor v3.0\proiect_vapor.c(711): warning C4305: 'function': truncation from 'double' to 'GLfloat'
d:\facultate\anul ii\semestrul ii\grafica\proiect de prezentat\vapor v3.0\vapor v3.0\proiect_vapor.c(715): warning C4305: 'function': truncation from 'double' to 'GLfloat'
d:\facultate\anul ii\semestrul ii\grafica\proiect de prezentat\vapor v3.0\vapor v3.0\proiect_vapor.c(782): warning C4305: 'function': truncation from 'double' to 'GLfloat'
d:\facultate\anul ii\semestrul ii\grafica\proiect de prezentat\vapor v3.0\vapor v3.0\proiect_vapor.c(853): warning C4305: 'initializing': truncation from 'double' to 'GLfloat'
d:\facultate\anul ii\semestrul ii\grafica\proiect de prezentat\vapor v3.0\vapor v3.0\proiect_vapor.c(854): warning C4305: 'initializing': truncation from 'double' to 'GLfloat'
d:\facultate\anul ii\semestrul ii\grafica\proiect de prezentat\vapor v3.0\vapor v3.0\proiect_vapor.c(938): warning C4305: 'function': truncation from 'double' to 'GLclampf'
d:\facultate\anul ii\semestrul ii\grafica\proiect de prezentat\vapor v3.0\vapor v3.0\proiect_vapor.c(982): warning C4028: formal parameter 1 different from declaration
d:\facultate\anul ii\semestrul ii\grafica\proiect de prezentat\vapor v3.0\vapor v3.0\proiect_vapor.c(983): warning C4028: formal parameter 1 different from declaration
  Vapor v3.0.vcxproj -> D:\FACULTATE\Anul II\Semestrul II\Grafica\Proiect De Prezentat\Vapor v3.0\Debug\Vapor v3.0.exe
  Vapor v3.0.vcxproj -> D:\FACULTATE\Anul II\Semestrul II\Grafica\Proiect De Prezentat\Vapor v3.0\Debug\Vapor v3.0.pdb (Partial PDB)
